Determining if the pthread_create exist failed with the following output:
Change Dir: /home/minghanz/Downloads/carla_lidar/CMakeFiles/CMakeTmp

Run Build Command:"/usr/bin/make" "cmTC_c72de/fast"
/usr/bin/make -f CMakeFiles/cmTC_c72de.dir/build.make CMakeFiles/cmTC_c72de.dir/build
make[1]: Entering directory '/home/minghanz/Downloads/carla_lidar/CMakeFiles/CMakeTmp'
Building C object CMakeFiles/cmTC_c72de.dir/CheckSymbolExists.c.o
/usr/bin/cc     -o CMakeFiles/cmTC_c72de.dir/CheckSymbolExists.c.o   -c /home/minghanz/Downloads/carla_lidar/CMakeFiles/CMakeTmp/CheckSymbolExists.c
Linking C executable cmTC_c72de
/usr/bin/cmake -E cmake_link_script CMakeFiles/cmTC_c72de.dir/link.txt --verbose=1
/usr/bin/cc       CMakeFiles/cmTC_c72de.dir/CheckSymbolExists.c.o  -o cmTC_c72de -rdynamic 
CMakeFiles/cmTC_c72de.dir/CheckSymbolExists.c.o: In function `main':
CheckSymbolExists.c:(.text+0x16): undefined reference to `pthread_create'
collect2: error: ld returned 1 exit status
CMakeFiles/cmTC_c72de.dir/build.make:97: recipe for target 'cmTC_c72de' failed
make[1]: *** [cmTC_c72de] Error 1
make[1]: Leaving directory '/home/minghanz/Downloads/carla_lidar/CMakeFiles/CMakeTmp'
Makefile:126: recipe for target 'cmTC_c72de/fast' failed
make: *** [cmTC_c72de/fast] Error 2

File /home/minghanz/Downloads/carla_lidar/CMakeFiles/CMakeTmp/CheckSymbolExists.c:
/* */
#include <pthread.h>

int main(int argc, char** argv)
{
  (void)argv;
#ifndef pthread_create
  return ((int*)(&pthread_create))[argc];
#else
  (void)argc;
  return 0;
#endif
}

Determining if the function pthread_create exists in the pthreads failed with the following output:
Change Dir: /home/minghanz/Downloads/carla_lidar/CMakeFiles/CMakeTmp

Run Build Command:"/usr/bin/make" "cmTC_1382c/fast"
/usr/bin/make -f CMakeFiles/cmTC_1382c.dir/build.make CMakeFiles/cmTC_1382c.dir/build
make[1]: Entering directory '/home/minghanz/Downloads/carla_lidar/CMakeFiles/CMakeTmp'
Building C object CMakeFiles/cmTC_1382c.dir/CheckFunctionExists.c.o
/usr/bin/cc    -DCHECK_FUNCTION_EXISTS=pthread_create   -o CMakeFiles/cmTC_1382c.dir/CheckFunctionExists.c.o   -c /usr/share/cmake-3.5/Modules/CheckFunctionExists.c
Linking C executable cmTC_1382c
/usr/bin/cmake -E cmake_link_script CMakeFiles/cmTC_1382c.dir/link.txt --verbose=1
/usr/bin/cc   -DCHECK_FUNCTION_EXISTS=pthread_create    CMakeFiles/cmTC_1382c.dir/CheckFunctionExists.c.o  -o cmTC_1382c -rdynamic -lpthreads 
/usr/bin/ld: cannot find -lpthreads
collect2: error: ld returned 1 exit status
CMakeFiles/cmTC_1382c.dir/build.make:97: recipe for target 'cmTC_1382c' failed
make[1]: *** [cmTC_1382c] Error 1
make[1]: Leaving directory '/home/minghanz/Downloads/carla_lidar/CMakeFiles/CMakeTmp'
Makefile:126: recipe for target 'cmTC_1382c/fast' failed
make: *** [cmTC_1382c/fast] Error 2


Determining if the pthread_create exist failed with the following output:
Change Dir: /home/minghanz/Downloads/lidar/CMakeFiles/CMakeTmp

Run Build Command:"/usr/bin/make" "cmTC_ab694/fast"
/usr/bin/make -f CMakeFiles/cmTC_ab694.dir/build.make CMakeFiles/cmTC_ab694.dir/build
make[1]: Entering directory '/home/minghanz/Downloads/lidar/CMakeFiles/CMakeTmp'
Building C object CMakeFiles/cmTC_ab694.dir/CheckSymbolExists.c.o
/usr/bin/cc     -o CMakeFiles/cmTC_ab694.dir/CheckSymbolExists.c.o   -c /home/minghanz/Downloads/lidar/CMakeFiles/CMakeTmp/CheckSymbolExists.c
Linking C executable cmTC_ab694
/usr/bin/cmake -E cmake_link_script CMakeFiles/cmTC_ab694.dir/link.txt --verbose=1
/usr/bin/cc       CMakeFiles/cmTC_ab694.dir/CheckSymbolExists.c.o  -o cmTC_ab694 -rdynamic 
CMakeFiles/cmTC_ab694.dir/CheckSymbolExists.c.o: In function `main':
CheckSymbolExists.c:(.text+0x16): undefined reference to `pthread_create'
collect2: error: ld returned 1 exit status
CMakeFiles/cmTC_ab694.dir/build.make:97: recipe for target 'cmTC_ab694' failed
make[1]: *** [cmTC_ab694] Error 1
make[1]: Leaving directory '/home/minghanz/Downloads/lidar/CMakeFiles/CMakeTmp'
Makefile:126: recipe for target 'cmTC_ab694/fast' failed
make: *** [cmTC_ab694/fast] Error 2

File /home/minghanz/Downloads/lidar/CMakeFiles/CMakeTmp/CheckSymbolExists.c:
/* */
#include <pthread.h>

int main(int argc, char** argv)
{
  (void)argv;
#ifndef pthread_create
  return ((int*)(&pthread_create))[argc];
#else
  (void)argc;
  return 0;
#endif
}

Determining if the function pthread_create exists in the pthreads failed with the following output:
Change Dir: /home/minghanz/Downloads/lidar/CMakeFiles/CMakeTmp

Run Build Command:"/usr/bin/make" "cmTC_d633b/fast"
/usr/bin/make -f CMakeFiles/cmTC_d633b.dir/build.make CMakeFiles/cmTC_d633b.dir/build
make[1]: Entering directory '/home/minghanz/Downloads/lidar/CMakeFiles/CMakeTmp'
Building C object CMakeFiles/cmTC_d633b.dir/CheckFunctionExists.c.o
/usr/bin/cc    -DCHECK_FUNCTION_EXISTS=pthread_create   -o CMakeFiles/cmTC_d633b.dir/CheckFunctionExists.c.o   -c /usr/share/cmake-3.5/Modules/CheckFunctionExists.c
Linking C executable cmTC_d633b
/usr/bin/cmake -E cmake_link_script CMakeFiles/cmTC_d633b.dir/link.txt --verbose=1
/usr/bin/cc   -DCHECK_FUNCTION_EXISTS=pthread_create    CMakeFiles/cmTC_d633b.dir/CheckFunctionExists.c.o  -o cmTC_d633b -rdynamic -lpthreads 
/usr/bin/ld: cannot find -lpthreads
collect2: error: ld returned 1 exit status
CMakeFiles/cmTC_d633b.dir/build.make:97: recipe for target 'cmTC_d633b' failed
make[1]: *** [cmTC_d633b] Error 1
make[1]: Leaving directory '/home/minghanz/Downloads/lidar/CMakeFiles/CMakeTmp'
Makefile:126: recipe for target 'cmTC_d633b/fast' failed
make: *** [cmTC_d633b/fast] Error 2


